Running: C:\Xilinx\14.7\ISE_DS\ISE\bin\nt64\unwrapped\fuse.exe -intstyle ise -incremental -lib secureip -o C:/FPGAPrj/CONTROLLOR/TEXT_INPUT_VHDL_isim_beh.exe -prj C:/FPGAPrj/CONTROLLOR/TEXT_INPUT_VHDL_beh.prj work.TEXT_INPUT_VHDL 
ISim P.20131013 (signature 0x7708f090)
Number of CPUs detected in this system: 4
Turning on mult-threading, number of parallel sub-compilation jobs: 8 
Determining compilation order of HDL files
Parsing VHDL file "C:/FPGAPrj/CONTROLLOR/TEXT_INPUT_VHDL.vhd" into library work
Starting static elaboration
Completed static elaboration
Compiling package standard
Compiling package std_logic_1164
Compiling package numeric_std
Compiling package textio
Compiling package std_logic_textio
Compiling architecture behavioral of entity text_input_vhdl
Time Resolution for simulation is 1ps.
Waiting for 1 sub-compilation(s) to finish...
Compiled 6 VHDL Units
Built simulation executable C:/FPGAPrj/CONTROLLOR/TEXT_INPUT_VHDL_isim_beh.exe
Fuse Memory Usage: 34308 KB
Fuse CPU Usage: 608 ms
