Command line:
   TEXT_INPUT_VHDL_isim_beh.exe
     -simmode  gui
     -simrunnum  0
     -socket  57740

Fri Nov 20 11:43:55 2015


 Elaboration Time: 0.203125 sec

 Current Memory Usage: 1014.92 Meg

 Total Signals          : 8
 Total Nets             : 37
 Total Signal Drivers   : 4
 Total Blocks           : 5
 Total Primitive Blocks : 5
 Total Processes        : 1
 Total Traceable Variables  : 16
 Total Scalar Nets and Variables : 1041
Total Line Count : 30
Total Line Count : 30

 Total Simulation Time: 0.203125 sec

 Current Memory Usage: 700.293 Meg

Fri Nov 20 11:45:27 2015

